<?xml version="1.0" encoding="UTF-8"?>
<testng-results ignored="0" total="1" passed="1" failed="0" skipped="0">
  <reporter-output>
  </reporter-output>
  <suite started-at="2024-07-05T20:15:35 BST" name="Master Suite" finished-at="2024-07-05T20:15:49 BST" duration-ms="14524">
    <groups>
      <group name="Master">
        <method signature="TC004_AddProductToCart.verify_AddProductToCart()[pri:0, instance:testCases.TC004_AddProductToCart@61c9c3fd]" name="verify_AddProductToCart" class="testCases.TC004_AddProductToCart"/>
      </group> <!-- Master -->
      <group name="Sanity">
        <method signature="TC004_AddProductToCart.verify_AddProductToCart()[pri:0, instance:testCases.TC004_AddProductToCart@61c9c3fd]" name="verify_AddProductToCart" class="testCases.TC004_AddProductToCart"/>
      </group> <!-- Sanity -->
    </groups>
    <test started-at="2024-07-05T20:15:35 BST" name="Test" finished-at="2024-07-05T20:15:49 BST" duration-ms="14524">
      <class name="testCases.TC004_AddProductToCart">
        <test-method is-config="true" signature="setup(java.lang.String,java.lang.String)[pri:0, instance:testCases.TC004_AddProductToCart@61c9c3fd]" started-at="2024-07-05T20:15:35 BST" name="setup" finished-at="2024-07-05T20:15:39 BST" duration-ms="3922" status="PASS">
          <params>
            <param index="0">
              <value>
                <![CDATA[windows]]>
              </value>
            </param>
            <param index="1">
              <value>
                <![CDATA[chrome]]>
              </value>
            </param>
          </params>
          <reporter-output>
          </reporter-output>
        </test-method> <!-- setup -->
        <test-method signature="verify_AddProductToCart()[pri:0, instance:testCases.TC004_AddProductToCart@61c9c3fd]" started-at="2024-07-05T20:15:39 BST" name="verify_AddProductToCart" finished-at="2024-07-05T20:15:49 BST" duration-ms="9762" status="PASS">
          <reporter-output>
          </reporter-output>
        </test-method> <!-- verify_AddProductToCart -->
        <test-method is-config="true" signature="tearDown()[pri:0, instance:testCases.TC004_AddProductToCart@61c9c3fd]" started-at="2024-07-05T20:15:49 BST" name="tearDown" finished-at="2024-07-05T20:15:49 BST" duration-ms="430" status="PASS">
          <reporter-output>
          </reporter-output>
        </test-method> <!-- tearDown -->
      </class> <!-- testCases.TC004_AddProductToCart -->
    </test> <!-- Test -->
  </suite> <!-- Master Suite -->
</testng-results>
